{
  "stats": {
    "suites": 1,
    "tests": 4,
    "passes": 0,
    "pending": 0,
    "failures": 4,
    "start": "2023-02-25T04:37:43.269Z",
    "end": "2023-02-25T04:38:02.214Z",
    "duration": 18945,
    "testsRegistered": 4,
    "passPercent": 0,
    "pendingPercent": 0,
    "other": 0,
    "hasOther": false,
    "skipped": 0,
    "hasSkipped": false
  },
  "results": [
    {
      "uuid": "cde555a3-a054-4123-a134-db83e21ce764",
      "title": "",
      "fullFile": "cypress/integration/users.spec.js",
      "file": "cypress/integration/users.spec.js",
      "beforeHooks": [],
      "afterHooks": [],
      "tests": [],
      "suites": [
        {
          "uuid": "f3857d37-62cb-4cc7-be34-df900b40d179",
          "title": "Users Page",
          "fullFile": "",
          "file": "",
          "beforeHooks": [],
          "afterHooks": [],
          "tests": [
            {
              "title": "should load user table",
              "fullTitle": "Users Page should load user table",
              "timedOut": null,
              "duration": 5888,
              "state": "failed",
              "speed": null,
              "pass": false,
              "fail": true,
              "pending": false,
              "context": null,
              "code": "cy.visit('/');\ncy.get('[routerlink=\"/public/users\"]').click();\ncy.get('.mat-table');",
              "err": {
                "message": "AssertionError: Timed out retrying: Expected to find element: `.mat-table`, but never found it.",
                "estack": "AssertionError: Timed out retrying: Expected to find element: `.mat-table`, but never found it.\n    at Context.eval (http://localhost:4200/__cypress/tests?p=cypress/integration/users.spec.js:8:8)",
                "diff": null
              },
              "uuid": "d2c34687-e837-410f-8b98-e6c9c7471b77",
              "parentUUID": "f3857d37-62cb-4cc7-be34-df900b40d179",
              "isHook": false,
              "skipped": false
            },
            {
              "title": "should display right column names",
              "fullTitle": "Users Page should display right column names",
              "timedOut": null,
              "duration": 4190,
              "state": "failed",
              "speed": null,
              "pass": false,
              "fail": true,
              "pending": false,
              "context": null,
              "code": "cy.contains('Id');\ncy.contains('Name');\ncy.contains('Username');\ncy.contains('Email');\ncy.contains('Role');",
              "err": {
                "message": "AssertionError: Timed out retrying: Expected to find content: 'Id' but never did.",
                "estack": "AssertionError: Timed out retrying: Expected to find content: 'Id' but never did.\n    at Context.eval (http://localhost:4200/__cypress/tests?p=cypress/integration/users.spec.js:11:8)",
                "diff": null
              },
              "uuid": "613358c9-cbc6-4abe-8851-0c6e36e331a8",
              "parentUUID": "f3857d37-62cb-4cc7-be34-df900b40d179",
              "isHook": false,
              "skipped": false
            },
            {
              "title": "should navigate to next page",
              "fullTitle": "Users Page should navigate to next page",
              "timedOut": null,
              "duration": 4145,
              "state": "failed",
              "speed": null,
              "pass": false,
              "fail": true,
              "pending": false,
              "context": null,
              "code": "cy.get('[aria-label=\"Next page\"]').click();",
              "err": {
                "message": "AssertionError: Timed out retrying: Expected to find element: `[aria-label=\"Next page\"]`, but never found it.",
                "estack": "AssertionError: Timed out retrying: Expected to find element: `[aria-label=\"Next page\"]`, but never found it.\n    at Context.eval (http://localhost:4200/__cypress/tests?p=cypress/integration/users.spec.js:18:8)",
                "diff": null
              },
              "uuid": "c91f0f7c-4606-4a5f-bcdf-349f90ff1301",
              "parentUUID": "f3857d37-62cb-4cc7-be34-df900b40d179",
              "isHook": false,
              "skipped": false
            },
            {
              "title": "should filter users by Username",
              "fullTitle": "Users Page should filter users by Username",
              "timedOut": null,
              "duration": 4625,
              "state": "failed",
              "speed": null,
              "pass": false,
              "fail": true,
              "pending": false,
              "context": null,
              "code": "cy.get('[placeholder=\"Search Username\"]').type('rachelleann251');\ncy.get('mat-table').find('mat-row').should('have.length', 3);",
              "err": {
                "message": "AssertionError: Timed out retrying: Expected to find element: `mat-table`, but never found it.",
                "estack": "AssertionError: Timed out retrying: Expected to find element: `mat-table`, but never found it.\n    at Context.eval (http://localhost:4200/__cypress/tests?p=cypress/integration/users.spec.js:22:8)",
                "diff": null
              },
              "uuid": "283bc079-e5b3-45b6-879a-ef94e6f38762",
              "parentUUID": "f3857d37-62cb-4cc7-be34-df900b40d179",
              "isHook": false,
              "skipped": false
            }
          ],
          "suites": [],
          "passes": [],
          "failures": [
            "d2c34687-e837-410f-8b98-e6c9c7471b77",
            "613358c9-cbc6-4abe-8851-0c6e36e331a8",
            "c91f0f7c-4606-4a5f-bcdf-349f90ff1301",
            "283bc079-e5b3-45b6-879a-ef94e6f38762"
          ],
          "pending": [],
          "skipped": [],
          "duration": 18848,
          "root": false,
          "rootEmpty": false,
          "_timeout": 2000
        }
      ],
      "passes": [],
      "failures": [],
      "pending": [],
      "skipped": [],
      "duration": 0,
      "root": true,
      "rootEmpty": true,
      "_timeout": 2000
    }
  ],
  "meta": {
    "mocha": {
      "version": "7.0.1"
    },
    "mochawesome": {
      "options": {
        "quiet": false,
        "reportFilename": "mochawesome",
        "saveHtml": false,
        "saveJson": true,
        "consoleReporter": "spec",
        "useInlineDiffs": false,
        "code": true
      },
      "version": "6.1.1"
    },
    "marge": {
      "options": {
        "overwrite": false,
        "html": false,
        "json": true
      },
      "version": "5.1.0"
    }
  }
}